<?xml version="1.0" encoding="UTF-8" ?>
<testsuite errors="1" failures="0" hostname="cos-notebook.cs.uiuc.edu" name="edu.illinois.reLooper.sabazios.DataRaceAnalysisTest" tests="1" time="0.0" timestamp="2011-01-10T01:32:16">
  <properties>
    <property name="java.vendor" value="Apple Inc." />
    <property name="sun.java.launcher" value="SUN_STANDARD" />
    <property name="eclipse.pdebuild.templates" value="/Applications/eclipse/plugins/org.eclipse.pde.build_3.6.1.R36x_v20100823/templates//" />
    <property name="sun.management.compiler" value="HotSpot 64-Bit Server Compiler" />
    <property name="os.name" value="Mac OS X" />
    <property name="sun.boot.class.path" value="/System/Library/Java/JavaVirtualMachines/1.6.0.jdk/Contents/Classes/jsfd.jar:/System/Library/Java/JavaVirtualMachines/1.6.0.jdk/Contents/Classes/classes.jar:/System/Library/Frameworks/JavaVM.framework/Frameworks/JavaRuntimeSupport.framework/Resources/Java/JavaRuntimeSupport.jar:/System/Library/Java/JavaVirtualMachines/1.6.0.jdk/Contents/Classes/ui.jar:/System/Library/Java/JavaVirtualMachines/1.6.0.jdk/Contents/Classes/laf.jar:/System/Library/Java/JavaVirtualMachines/1.6.0.jdk/Contents/Classes/sunrsasign.jar:/System/Library/Java/JavaVirtualMachines/1.6.0.jdk/Contents/Classes/jsse.jar:/System/Library/Java/JavaVirtualMachines/1.6.0.jdk/Contents/Classes/jce.jar:/System/Library/Java/JavaVirtualMachines/1.6.0.jdk/Contents/Classes/charsets.jar" />
    <property name="env.TMPDIR" value="/var/folders/KH/KHD0WeISFwS3G88W4qWNN++++TI/-Tmp-/" />
    <property name="java.vm.specification.vendor" value="Sun Microsystems Inc." />
    <property name="ant.home" value="/Applications/eclipse/plugins/org.apache.ant_1.7.1.v20100518-1145" />
    <property name="java.runtime.version" value="1.6.0_22-b04-307-10M3261" />
    <property name="env.Apple_PubSub_Socket_Render" value="/tmp/launch-u9iblT/Render" />
    <property name="env.DISPLAY" value="/tmp/launch-QauchM/org.x:0" />
    <property name="user.name" value="cosminradoi" />
    <property name="env.USER" value="cosminradoi" />
    <property name="env.SHELL" value="/bin/bash" />
    <property name="env.__CF_USER_TEXT_ENCODING" value="0x1F5:0:0" />
    <property name="awt.nativeDoubleBuffering" value="true" />
    <property name="env.PATH" value="/usr/bin:/bin:/usr/sbin:/sbin:/usr/local/bin:/usr/X11/bin:/opt/local/bin:/usr/local/git/bin" />
    <property name="user.language" value="en" />
    <property name="sun.boot.library.path" value="/System/Library/Java/JavaVirtualMachines/1.6.0.jdk/Contents/Libraries" />
    <property name="ant.project.name" value="edu.illinois.relooper.sabazios" />
    <property name="java.version" value="1.6.0_22" />
    <property name="user.timezone" value="" />
    <property name="sun.arch.data.model" value="64" />
    <property name="http.nonProxyHosts" value="local|*.local|169.254/16|*.169.254/16" />
    <property name="java.endorsed.dirs" value="/System/Library/Java/JavaVirtualMachines/1.6.0.jdk/Contents/Home/lib/endorsed" />
    <property name="sun.cpu.isalist" value="" />
    <property name="sun.jnu.encoding" value="MacRoman" />
    <property name="file.encoding.pkg" value="sun.io" />
    <property name="ECLIPSE_HOME" value="../../../../../../Applications/eclipse" />
    <property name="file.separator" value="/" />
    <property name="java.specification.name" value="Java Platform API Specification" />
    <property name="java.class.version" value="50.0" />
    <property name="env.JAVA_MAIN_CLASS_2129" value="org.eclipse.ant.internal.launching.remote.InternalAntRunner" />
    <property name="user.country" value="US" />
    <property name="java.home" value="/System/Library/Java/JavaVirtualMachines/1.6.0.jdk/Contents/Home" />
    <property name="java.vm.info" value="mixed mode" />
    <property name="env.LOGNAME" value="cosminradoi" />
    <property name="ant.file" value="/Users/cosminradoi/Projects/ReLooper/workspace/edu.illinois.relooper.sabazios/build.xml" />
    <property name="os.version" value="10.6.6" />
    <property name="env.JAVA_STARTED_ON_FIRST_THREAD_315" value="1" />
    <property name="path.separator" value=":" />
    <property name="java.vm.version" value="17.1-b03-307" />
    <property name="ant.file.edu.illinois.relooper.sabazios" value="/Users/cosminradoi/Projects/ReLooper/workspace/edu.illinois.relooper.sabazios/build.xml" />
    <property name="ant.library.dir" value="/Applications/eclipse/plugins/org.apache.ant_1.7.1.v20100518-1145/lib" />
    <property name="junit.output.dir" value="junit" />
    <property name="java.awt.printerjob" value="apple.awt.CPrinterJob" />
    <property name="sun.io.unicode.encoding" value="UnicodeLittle" />
    <property name="awt.toolkit" value="apple.awt.CToolkit" />
    <property name="socksNonProxyHosts" value="local|*.local|169.254/16|*.169.254/16" />
    <property name="ftp.nonProxyHosts" value="local|*.local|169.254/16|*.169.254/16" />
    <property name="eclipse.pdebuild.scripts" value="/Applications/eclipse/plugins/org.eclipse.pde.build_3.6.1.R36x_v20100823/scripts//" />
    <property name="user.home" value="/Users/cosminradoi" />
    <property name="target" value="1.6" />
    <property name="env.JAVA_STARTED_ON_FIRST_THREAD_2129" value="1" />
    <property name="java.specification.vendor" value="Sun Microsystems Inc." />
    <property name="java.library.path" value=".:/Library/Java/Extensions:/System/Library/Java/Extensions:/usr/lib/java" />
    <property name="java.vendor.url" value="http://www.apple.com/" />
    <property name="env.JAVA_STARTED_ON_FIRST_THREAD_2027" value="1" />
    <property name="java.vm.vendor" value="Apple Inc." />
    <property name="gopherProxySet" value="false" />
    <property name="java.runtime.name" value="Java(TM) SE Runtime Environment" />
    <property name="java.class.path" value="/Applications/eclipse/plugins/org.eclipse.core.runtime_3.6.0.v20100505.jar:/Applications/eclipse/plugins/org.eclipse.osgi_3.6.1.R36x_v20100806.jar:/Applications/eclipse/plugins/org.eclipse.equinox.common_3.6.0.v20100503.jar:/Applications/eclipse/plugins/org.eclipse.core.jobs_3.5.1.R36x_v20100824.jar:/Applications/eclipse/plugins/org.eclipse.core.runtime.compatibility.registry_3.3.0.v20100520/runtime_registry_compatibility.jar:/Applications/eclipse/plugins/org.eclipse.equinox.registry_3.5.0.v20100503.jar:/Applications/eclipse/plugins/org.eclipse.equinox.preferences_3.3.0.v20100503.jar:/Applications/eclipse/plugins/org.eclipse.core.contenttype_3.4.100.v20100505-1235.jar:/Applications/eclipse/plugins/org.eclipse.equinox.app_1.3.1.R36x_v20100803.jar:/Applications/eclipse/plugins/org.junit_4.8.1.v4_8_1_v20100427-1100/junit.jar:/Applications/eclipse/plugins/org.hamcrest.core_1.1.0.v20090501071000.jar:/Users/cosminradoi/Projects/ReLooper/workspace/edu.illinois.relooper.sabazios/bin:/Applications/eclipse/plugins/org.apache.ant_1.7.1.v20100518-1145/lib/ant-launcher.jar:/Applications/eclipse/plugins/org.apache.ant_1.7.1.v20100518-1145/lib/ant.jar:/Applications/eclipse/plugins/org.apache.ant_1.7.1.v20100518-1145/lib/ant-junit.jar" />
    <property name="ant.version" value="Apache Ant version 1.7.1 compiled on June 27 2008" />
    <property name="env.com.apple.java.jvmMode" value="client" />
    <property name="java.vm.specification.name" value="Java Virtual Machine Specification" />
    <property name="java.vm.specification.version" value="1.0" />
    <property name="sun.cpu.endian" value="little" />
    <property name="sun.os.patch.level" value="unknown" />
    <property name="debuglevel" value="source,lines,vars" />
    <property name="env.HOME" value="/Users/cosminradoi" />
    <property name="env.ANT_HOME" value="/Applications/eclipse/plugins/org.apache.ant_1.7.1.v20100518-1145" />
    <property name="java.io.tmpdir" value="/var/folders/KH/KHD0WeISFwS3G88W4qWNN++++TI/-Tmp-/" />
    <property name="eclipse.pdebuild.home" value="/Applications/eclipse/plugins/org.eclipse.pde.build_3.6.1.R36x_v20100823/.//" />
    <property name="java.vendor.url.bug" value="http://bugreport.apple.com/" />
    <property name="env.SSH_AUTH_SOCK" value="/tmp/launch-7rRKuc/Listeners" />
    <property name="env.COMMAND_MODE" value="unix2003" />
    <property name="mrj.build" value="10M3261" />
    <property name="java.awt.graphicsenv" value="apple.awt.CGraphicsEnvironment" />
    <property name="os.arch" value="x86_64" />
    <property name="java.ext.dirs" value="/Library/Java/Extensions:/System/Library/Java/Extensions:/System/Library/Java/JavaVirtualMachines/1.6.0.jdk/Contents/Home/lib/ext" />
    <property name="user.dir" value="/Users/cosminradoi/Projects/ReLooper/workspace/edu.illinois.relooper.sabazios" />
    <property name="mrj.version" value="1060.1.6.0_22-307" />
    <property name="line.separator" value="
" />
    <property name="java.vm.name" value="Java HotSpot(TM) 64-Bit Server VM" />
    <property name="basedir" value="/Users/cosminradoi/Projects/ReLooper/workspace/edu.illinois.relooper.sabazios" />
    <property name="ant.java.version" value="1.6" />
    <property name="ant.core.lib" value="/Applications/eclipse/plugins/org.apache.ant_1.7.1.v20100518-1145/lib/ant.jar" />
    <property name="source" value="1.6" />
    <property name="file.encoding" value="MacRoman" />
    <property name="env.APP_ICON_315" value="../Resources/Eclipse.icns" />
    <property name="env.APP_ICON_2027" value="../Resources/Eclipse.icns" />
    <property name="java.specification.version" value="1.6" />
  </properties>
  <error message="com/ibm/wala/ipa/callgraph/impl/SetOfClasses" type="java.lang.NoClassDefFoundError">java.lang.NoClassDefFoundError: com/ibm/wala/ipa/callgraph/impl/SetOfClasses
	at java.lang.Class.forName0(Native Method)
	at java.lang.Class.forName(Class.java:169)
Caused by: java.lang.ClassNotFoundException: com.ibm.wala.ipa.callgraph.impl.SetOfClasses
	at java.net.URLClassLoader$1.run(URLClassLoader.java:202)
	at java.security.AccessController.doPrivileged(Native Method)
	at java.net.URLClassLoader.findClass(URLClassLoader.java:190)
	at java.lang.ClassLoader.loadClass(ClassLoader.java:307)
	at sun.misc.Launcher$AppClassLoader.loadClass(Launcher.java:301)
	at java.lang.ClassLoader.loadClass(ClassLoader.java:248)
</error>
  <system-out><![CDATA[]]></system-out>
  <system-err><![CDATA[]]></system-err>
</testsuite>
